[2022-12-22 21:19:47] local.ERROR: filemtime(): stat failed for /home/shezz/Desktop/Code/Project/Shreya/SB/.env {"exception":"[object] (ErrorException(code: 0): filemtime(): stat failed for /home/shezz/Desktop/Code/Project/Shreya/SB/.env at /home/shezz/Desktop/Code/Project/Shreya/SB/vendor/laravel/framework/src/Illuminate/Foundation/Console/ServeCommand.php:107)
[stacktrace]
#0 /home/shezz/Desktop/Code/Project/Shreya/SB/vendor/laravel/framework/src/Illuminate/Foundation/Bootstrap/HandleExceptions.php(266): Illuminate\\Foundation\\Bootstrap\\HandleExceptions->handleError()
#1 [internal function]: Illuminate\\Foundation\\Bootstrap\\HandleExceptions->Illuminate\\Foundation\\Bootstrap\\{closure}()
#2 /home/shezz/Desktop/Code/Project/Shreya/SB/vendor/laravel/framework/src/Illuminate/Foundation/Console/ServeCommand.php(107): filemtime()
#3 /home/shezz/Desktop/Code/Project/Shreya/SB/vendor/laravel/framework/src/Illuminate/Foundation/Console/ServeCommand.php(129): Illuminate\\Foundation\\Console\\ServeCommand->handle()
#4 /home/shezz/Desktop/Code/Project/Shreya/SB/vendor/laravel/framework/src/Illuminate/Container/BoundMethod.php(36): Illuminate\\Foundation\\Console\\ServeCommand->handle()
#5 /home/shezz/Desktop/Code/Project/Shreya/SB/vendor/laravel/framework/src/Illuminate/Container/Util.php(41): Illuminate\\Container\\BoundMethod::Illuminate\\Container\\{closure}()
#6 /home/shezz/Desktop/Code/Project/Shreya/SB/vendor/laravel/framework/src/Illuminate/Container/BoundMethod.php(93): Illuminate\\Container\\Util::unwrapIfClosure()
#7 /home/shezz/Desktop/Code/Project/Shreya/SB/vendor/laravel/framework/src/Illuminate/Container/BoundMethod.php(35): Illuminate\\Container\\BoundMethod::callBoundMethod()
#8 /home/shezz/Desktop/Code/Project/Shreya/SB/vendor/laravel/framework/src/Illuminate/Container/Container.php(651): Illuminate\\Container\\BoundMethod::call()
#9 /home/shezz/Desktop/Code/Project/Shreya/SB/vendor/laravel/framework/src/Illuminate/Console/Command.php(182): Illuminate\\Container\\Container->call()
#10 /home/shezz/Desktop/Code/Project/Shreya/SB/vendor/symfony/console/Command/Command.php(312): Illuminate\\Console\\Command->execute()
#11 /home/shezz/Desktop/Code/Project/Shreya/SB/vendor/laravel/framework/src/Illuminate/Console/Command.php(151): Symfony\\Component\\Console\\Command\\Command->run()
#12 /home/shezz/Desktop/Code/Project/Shreya/SB/vendor/symfony/console/Application.php(1022): Illuminate\\Console\\Command->run()
#13 /home/shezz/Desktop/Code/Project/Shreya/SB/vendor/symfony/console/Application.php(314): Symfony\\Component\\Console\\Application->doRunCommand()
#14 /home/shezz/Desktop/Code/Project/Shreya/SB/vendor/symfony/console/Application.php(168): Symfony\\Component\\Console\\Application->doRun()
#15 /home/shezz/Desktop/Code/Project/Shreya/SB/vendor/laravel/framework/src/Illuminate/Console/Application.php(102): Symfony\\Component\\Console\\Application->run()
#16 /home/shezz/Desktop/Code/Project/Shreya/SB/vendor/laravel/framework/src/Illuminate/Foundation/Console/Kernel.php(155): Illuminate\\Console\\Application->run()
#17 /home/shezz/Desktop/Code/Project/Shreya/SB/artisan(35): Illuminate\\Foundation\\Console\\Kernel->handle()
#18 {main}
"} 
